<?xml version="1.0" encoding="UTF-8"?>
<testng-results ignored="0" total="1" passed="1" failed="0" skipped="0">
  <reporter-output>
  </reporter-output>
  <suite started-at="2022-06-29T13:10:54 IST" name="Default suite" finished-at="2022-06-29T13:12:42 IST" duration-ms="107641">
    <groups>
    </groups>
    <test started-at="2022-06-29T13:10:54 IST" name="Default test" finished-at="2022-06-29T13:12:42 IST" duration-ms="107641">
      <class name="com.Test.Test_01">
        <test-method is-config="true" signature="BM()[pri:0, instance:com.Test.Test_01@654f0d9c]" started-at="2022-06-29T13:10:54 IST" name="BM" finished-at="2022-06-29T13:10:59 IST" duration-ms="4317" status="PASS">
          <reporter-output>
          </reporter-output>
        </test-method> <!-- BM -->
        <test-method signature="first()[pri:0, instance:com.Test.Test_01@654f0d9c]" started-at="2022-06-29T13:10:59 IST" name="first" finished-at="2022-06-29T13:12:42 IST" duration-ms="103291" status="PASS">
          <reporter-output>
          </reporter-output>
        </test-method> <!-- first -->
      </class> <!-- com.Test.Test_01 -->
    </test> <!-- Default test -->
  </suite> <!-- Default suite -->
</testng-results>
